"../../../Engine/Content/ArtTools/RenderToTexture/Enums/RenderToTexture_Enum.uasset" 0
"../../../Engine/Content/ArtTools/RenderToTexture/Enums/RenderToTexture_Flipbook_Enum.uasset" 1
"../../../Engine/Content/ArtTools/RenderToTexture/Enums/RenderToTexture_Imposter_Enum.uasset" 2
"../../../Engine/Content/ArtTools/RenderToTexture/Enums/EIntTypes.uasset" 3
"../../../Engine/Content/EditorBlueprintResources/StandardMacros.uasset" 4
"../../../Engine/Content/ArtTools/RenderToTexture/Macros/RenderToTextureFunctionLibrary.uasset" 5
"../../../Engine/Content/ArtTools/RenderToTexture/Enums/EFloatTypes.uasset" 6
"../../../Engine/Content/ArtTools/RenderToTexture/Macros/RenderToTextureMacros.uasset" 7
"../../../Engine/Content/EngineMaterials/T_Default_Material_Grid_N.uasset" 8
"../../../Engine/Content/EngineMaterials/T_Default_Material_Grid_M.uasset" 9
"../../../Engine/Content/Functions/Engine_MaterialFunctions01/Opacity/CameraDepthFade.uasset" 10
"../../../Engine/Content/EngineMaterials/WorldGridMaterial.uasset" 11
"../../../Engine/Content/ArtTools/RenderToTexture/Meshes/S_1_Unit_Plane.uasset" 12
"../../../Engine/Content/EngineMaterials/DefaultMaterial.uasset" 13
"../../../Engine/Content/BasicShapes/Cone.uasset" 14
"../../../Engine/Content/BasicShapes/Plane.uasset" 15
"../../../Engine/Content/BasicShapes/Sphere.uasset" 16
"../../../Engine/Content/EngineMaterials/DefaultPhysicalMaterial.uasset" 17
"../../../Engine/Content/BufferVisualization/AmbientOcclusion.uasset" 18
"../../../Engine/Content/Functions/Engine_MaterialFunctions02/Utility/AppendMany.uasset" 19
"../../../Engine/Content/BufferVisualization/Anisotropy.uasset" 20
"../../../Engine/Content/BufferVisualization/BaseColor.uasset" 21
"../../../Engine/Content/BufferVisualization/CustomDepth.uasset" 22
"../../../Engine/Content/Functions/Engine_MaterialFunctions02/Utility/VectorLength.uasset" 23
"../../../Engine/Content/BufferVisualization/CustomDepthWorldUnits.uasset" 24
"../../../Engine/Content/EngineMaterials/MiniFont.uasset" 25
"../../../Engine/Content/Functions/Engine_MaterialFunctions02/Utility/MakeFloat3.uasset" 26
"../../../Engine/Content/Functions/Engine_MaterialFunctions02/Utility/MakeFloat2.uasset" 27
"../../../Engine/Content/Functions/Engine_MaterialFunctions02/ScreenResolution.uasset" 28
"../../../Engine/Content/Functions/Engine_MaterialFunctions02/Utility/BreakOutFloat2Components.uasset" 29
"../../../Engine/Content/Functions/Engine_MaterialFunctions01/Texturing/ScaleUVsByCenter.uasset" 30
"../../../Engine/Content/Functions/Engine_MaterialFunctions02/Texturing/ScreenAlignedUVs.uasset" 31
"../../../Engine/Content/BufferVisualization/CustomStencil.uasset" 32
"../../../Engine/Content/BufferVisualization/FinalImage.uasset" 33
"../../../Engine/Content/BufferVisualization/LightingModel.uasset" 34
"../../../Engine/Content/BufferVisualization/MaterialAO.uasset" 35
"../../../Engine/Content/BufferVisualization/Metallic.uasset" 36
"../../../Engine/Content/BufferVisualization/Opacity.uasset" 37
"../../../Engine/Content/BufferVisualization/PostTonemapHDRColor.uasset" 38
"../../../Engine/Content/BufferVisualization/PreTonemapHDRColor.uasset" 39
"../../../Engine/Content/BufferVisualization/Roughness.uasset" 40
"../../../Engine/Content/BufferVisualization/SceneColor.uasset" 41
"../../../Engine/Content/BufferVisualization/SceneDepth.uasset" 42
"../../../Engine/Content/BufferVisualization/SceneDepthWorldUnits.uasset" 43
"../../../Engine/Content/BufferVisualization/SeparateTranslucencyA.uasset" 44
"../../../Engine/Content/BufferVisualization/SeparateTranslucencyRGB.uasset" 45
"../../../Engine/Content/BufferVisualization/Specular.uasset" 46
"../../../Engine/Content/BufferVisualization/SubsurfaceColor.uasset" 47
"../../../Engine/Content/BufferVisualization/Velocity.uasset" 48
"../../../Engine/Content/BufferVisualization/WorldNormal.uasset" 49
"../../../Engine/Content/BufferVisualization/WorldTangent.uasset" 50
"../../../Engine/Content/EditorBlueprintResources/ActorMacros.uasset" 51
"../../../Engine/Content/EditorLandscapeResources/DataLayer.uasset" 52
"../../../Engine/Content/EditorLandscapeResources/DefaultAlphaTexture.uasset" 53
"../../../Engine/Content/EditorLandscapeResources/LandscapeGizmoHeight_Mat.uasset" 54
"../../../Engine/Content/EditorLandscapeResources/LandscapeGizmo_Mat.uasset" 55
"../../../Engine/Content/EditorLandscapeResources/LandscapeGizmo_Mat_Copied.uasset" 56
"../../../Engine/Content/EditorLandscapeResources/SplineEditorMeshMat.uasset" 57
"../../../Engine/Content/EditorLandscapeResources/SplineEditorMesh.uasset" 58
"../../../Engine/Content/EditorMaterials/Cross.uasset" 59
"../../../Engine/Content/EditorMaterials/Cross_Mat.uasset" 60
"../../../Engine/Content/EditorResources/T_EditorHelp.uasset" 61
"../../../Engine/Content/Functions/Engine_MaterialFunctions02/Utility/Sign.uasset" 62
"../../../Engine/Content/Functions/Engine_MaterialFunctions02/Utility/Round.uasset" 63
"../../../Engine/Content/Functions/Engine_MaterialFunctions02/ExampleContent/Textures/DebugNumberPeriod.uasset" 64
"../../../Engine/Content/Functions/Engine_MaterialFunctions02/ExampleContent/DebugNumberStrip.uasset" 65
"../../../Engine/Content/EngineMaterials/DefaultDiffuse.uasset" 66
"../../../Engine/Content/Functions/Engine_MaterialFunctions01/Texturing/TextureCropping.uasset" 67
"../../../Engine/Content/Functions/Engine_MaterialFunctions01/Texturing/ComputeMipLevel.uasset" 68
"../../../Engine/Content/Functions/Engine_MaterialFunctions02/Utility/DebugScalarValues.uasset" 69
"../../../Engine/Content/Functions/Engine_MaterialFunctions02/Utility/DebugFloat2Values.uasset" 70
"../../../Engine/Content/Functions/Engine_MaterialFunctions02/ExampleContent/Textures/flipbook.uasset" 71
"../../../Engine/Content/Functions/Engine_MaterialFunctions02/Texturing/FlipBook.uasset" 72
"../../../Engine/Content/EditorMaterials/HelpActorMaterial.uasset" 73
"../../../Engine/Content/Functions/Engine_MaterialFunctions03/Procedurals/ComputeFilterWidth.uasset" 74
"../../../Engine/Content/EngineMaterials/BlendFunc_DefBlend.uasset" 75
"../../../Engine/Content/EngineMaterials/BlendFunc_DefBase.uasset" 76
"../../../Engine/Content/Functions/Engine_MaterialFunctions03/Blends/Blend_Screen.uasset" 77
"../../../Engine/Content/EditorMaterials/TilingAALineIntegral.uasset" 78
"../../../Engine/Content/EditorMaterials/TilingAALineBoxFiltered.uasset" 79
"../../../Engine/Content/EditorMaterials/TilingAAGrid.uasset" 80
"../../../Engine/Content/EditorMaterials/TilingAADots.uasset" 81
"../../../Engine/Content/EditorMaterials/CompositeARGBLayer.uasset" 82
"../../../Engine/Content/EditorMaterials/LevelGridMaterial.uasset" 83
"../../../Engine/Content/EditorResources/LevelGrid1DStripes.uasset" 84
"../../../Engine/Content/EditorMaterials/TextureGridCascaded1D.uasset" 85
"../../../Engine/Content/EditorMaterials/TextureGridCascaded2D.uasset" 86
"../../../Engine/Content/EditorMaterials/MakeCompositeARGBLayer.uasset" 87
"../../../Engine/Content/EditorMaterials/LevelGridMaterial2.uasset" 88
"../../../Engine/Content/EditorMaterials/MAT_Groups_Toggle.uasset" 89
"../../../Engine/Content/EditorMaterials/MAT_Groups_Visibility.uasset" 90
"../../../Engine/Content/EngineMaterials/Grid.uasset" 91
"../../../Engine/Content/EditorResources/TilePatine_N.uasset" 92
"../../../Engine/Content/EditorResources/TilePatine_D.uasset" 93
"../../../Engine/Content/EditorMaterials/AntialiasedGridFloor.uasset" 94
"../../../Engine/Content/EditorMaterials/PersonaFloorMat.uasset" 95
"../../../Engine/Content/EditorMaterials/PhAT_BoneSelectedMaterial.uasset" 96
"../../../Engine/Content/EditorMaterials/PhAT_ElemSelectedMaterial.uasset" 97
"../../../Engine/Content/EditorMaterials/PhAT_NoCollisionMaterial.uasset" 98
"../../../Engine/Content/EditorMaterials/PhAT_UnselectedMaterial.uasset" 99
"../../../Engine/Content/EditorMaterials/PreviewShadowIndicator.uasset" 100
"../../../Engine/Content/EditorMaterials/PreviewShadowIndicatorMaterial.uasset" 101
"../../../Engine/Content/EditorMaterials/TargetIcon.uasset" 102
"../../../Engine/Content/EditorMaterials/Tick.uasset" 103
"../../../Engine/Content/EditorMaterials/Tick_Mat.uasset" 104
"../../../Engine/Content/EditorMaterials/WidgetGridVertexColorMaterial.uasset" 105
"../../../Engine/Content/EditorMaterials/WidgetGridVertexColorMaterial_Ma.uasset" 106
"../../../Engine/Content/EditorMaterials/WidgetMaterial.uasset" 107
"../../../Engine/Content/EditorMaterials/WidgetMaterial_Current.uasset" 108
"../../../Engine/Content/EditorMaterials/WidgetMaterial_X.uasset" 109
"../../../Engine/Content/EditorMaterials/WidgetMaterial_Y.uasset" 110
"../../../Engine/Content/EditorMaterials/WidgetMaterial_Z.uasset" 111
"../../../Engine/Content/EditorMaterials/WidgetVertexColorMaterial.uasset" 112
"../../../Engine/Content/EditorMaterials/MatineeGroups/MAT_ColorTrack.uasset" 113
"../../../Engine/Content/EditorMaterials/MatineeGroups/MAT_Groups_Anim.uasset" 114
"../../../Engine/Content/EditorMaterials/MatineeGroups/MAT_Groups_AudioMaster.uasset" 115
"../../../Engine/Content/EditorMaterials/MatineeGroups/MAT_Groups_Director.uasset" 116
"../../../Engine/Content/EditorMaterials/MatineeGroups/MAT_Groups_Event.uasset" 117
"../../../Engine/Content/EditorMaterials/MatineeGroups/MAT_Groups_Fade.uasset" 118
"../../../Engine/Content/EditorMaterials/MatineeGroups/MAT_Groups_Float.uasset" 119
"../../../Engine/Content/EditorMaterials/MatineeGroups/MAT_Groups_Move.uasset" 120
"../../../Engine/Content/EditorMaterials/MatineeGroups/MAT_Groups_Slomo.uasset" 121
"../../../Engine/Content/EditorMaterials/MatineeGroups/MAT_Groups_Sound.uasset" 122
"../../../Engine/Content/EditorMaterials/MatineeGroups/MAT_Groups_Vector.uasset" 123
"../../../Engine/Content/EditorMaterials/ParticleSystems/PSysThumbnail_NoImage.uasset" 124
"../../../Engine/Content/EditorMaterials/ParticleSystems/PSysThumbnail_OOD.uasset" 125
"../../../Engine/Content/EditorMaterials/Thumbnails/FloorPlaneMaterial.uasset" 126
"../../../Engine/Content/EditorMeshes/EditorCube.uasset" 127
"../../../Engine/Content/EditorMeshes/EditorCylinder.uasset" 128
"../../../Engine/Content/EditorMeshes/EditorPlane.uasset" 129
"../../../Engine/Content/EditorMaterials/Thumbnails/SkySphereMaterial.uasset" 130
"../../../Engine/Content/EditorMeshes/EditorSkySphere.uasset" 131
"../../../Engine/Content/EditorMeshes/EditorSphere.uasset" 132
"../../../Engine/Content/EditorResources/MatineeCam_D.uasset" 133
"../../../Engine/Content/EditorMaterials/MatineeCam_mat.uasset" 134
"../../../Engine/Content/EditorMeshes/MatineeCam_SM.uasset" 135
"../../../Engine/Content/Functions/Engine_MaterialFunctions01/Shading/ConvertFromDiffSpec.uasset" 136
"../../../Engine/Content/EditorMaterials/GridMaterial.uasset" 137
"../../../Engine/Content/EditorMeshes/PhAT_FloorBox.uasset" 138
"../../../Engine/Content/EditorMeshes/PlanarReflectionPlane.uasset" 139
"../../../Engine/Content/EngineDebugMaterials/M_SimpleOpaque.uasset" 140
"../../../Engine/Content/EditorMaterials/Camera/MI_CineMat_CamViewFinder.uasset" 141
"../../../Engine/Content/EditorMaterials/Camera/CineMat.uasset" 142
"../../../Engine/Content/EditorMaterials/Camera/MI_CineMat_CameraBody.uasset" 143
"../../../Engine/Content/EditorMeshes/Camera/SM_CineCam.uasset" 144
"../../../Engine/Content/EditorMaterials/Camera/MI_CineMat_Rig.uasset" 145
"../../../Engine/Content/EditorMeshes/Camera/SM_CraneRig_Arm.uasset" 146
"../../../Engine/Content/EditorMeshes/Camera/SM_CraneRig_Base.uasset" 147
"../../../Engine/Content/EditorMeshes/Camera/SM_CraneRig_Body.uasset" 148
"../../../Engine/Content/EditorMeshes/Camera/SM_CraneRig_Mount.uasset" 149
"../../../Engine/Content/EditorMeshes/Camera/SM_RailRig_Mount.uasset" 150
"../../../Engine/Content/EditorMeshes/Camera/SM_RailRig_Track.uasset" 151
"../../../Engine/Content/EditorMeshes/ColorCalibrator/M_ChromeBall.uasset" 152
"../../../Engine/Content/EditorResources/Bad.uasset" 153
"../../../Engine/Content/EditorResources/BSPVertex.uasset" 154
"../../../Engine/Content/EditorResources/EmptyActor.uasset" 155
"../../../Engine/Content/EditorResources/MatInstActSprite.uasset" 156
"../../../Engine/Content/EditorResources/SceneManager.uasset" 157
"../../../Engine/Content/EditorResources/SmallFont.uasset" 158
"../../../Engine/Content/EditorResources/S_Actor.uasset" 159
"../../../Engine/Content/EditorResources/S_CameraShakeSource.uasset" 160
"../../../Engine/Content/EditorResources/S_DecalActorIcon.uasset" 161
"../../../Engine/Content/EditorResources/S_Emitter.uasset" 162
"../../../Engine/Content/EditorResources/S_ExpoHeightFog.uasset" 163
"../../../Engine/Content/EditorResources/S_FTest.uasset" 164
"../../../Engine/Content/EditorResources/S_KBSJoint.uasset" 165
"../../../Engine/Content/EditorResources/S_KHinge.uasset" 166
"../../../Engine/Content/EditorResources/S_KPrismatic.uasset" 167
"../../../Engine/Content/EditorResources/S_LevelSequence.uasset" 168
"../../../Engine/Content/EditorResources/S_NavP.uasset" 169
"../../../Engine/Content/EditorResources/S_Note.uasset" 170
"../../../Engine/Content/EditorResources/S_Player.uasset" 171
"../../../Engine/Content/EditorResources/S_PortalActorIcon2.uasset" 172
"../../../Engine/Content/EditorResources/S_RadForce.uasset" 173
"../../../Engine/Content/EditorResources/S_ReflActorIcon.uasset" 174
"../../../Engine/Content/EditorResources/S_SkyAtmosphere.uasset" 175
"../../../Engine/Content/EditorResources/S_Solver.uasset" 176
"../../../Engine/Content/EditorResources/S_Terrain.uasset" 177
"../../../Engine/Content/EditorResources/S_TextRenderActorIcon.uasset" 178
"../../../Engine/Content/EditorResources/S_Thruster.uasset" 179
"../../../Engine/Content/EditorResources/S_Trigger.uasset" 180
"../../../Engine/Content/EditorResources/S_VectorFieldVol.uasset" 181
"../../../Engine/Content/EditorResources/S_VolumetricCloud.uasset" 182
"../../../Engine/Content/EditorResources/S_WindDirectional.uasset" 183
"../../../Engine/Content/EditorResources/AI/S_NavLink.uasset" 184
"../../../Engine/Content/EditorResources/AudioIcons/S_AudioComponent_AutoActivate.uasset" 185
"../../../Engine/Content/EditorResources/LightIcons/SkyLight.uasset" 186
"../../../Engine/Content/EditorResources/LightIcons/S_LightDirectional.uasset" 187
"../../../Engine/Content/EditorResources/LightIcons/S_LightDirectionalMove.uasset" 188
"../../../Engine/Content/EditorResources/LightIcons/S_LightError.uasset" 189
"../../../Engine/Content/EditorResources/LightIcons/S_LightPoint.uasset" 190
"../../../Engine/Content/EditorResources/LightIcons/S_LightPointMove.uasset" 191
"../../../Engine/Content/EditorResources/LightIcons/S_LightSpot.uasset" 192
"../../../Engine/Content/EditorResources/LightIcons/S_LightSpotMove.uasset" 193
"../../../Engine/Content/EditorResources/SequenceRecorder/Countdown.uasset" 194
"../../../Engine/Content/EditorResources/SequenceRecorder/RecordingIndicator.uasset" 195
"../../../Engine/Content/EditorResources/Spline/T_Loft_Spline.uasset" 196
"../../../Engine/Content/EditorSounds/Notifications/CompileSuccess.uasset" 197
"../../../Engine/Content/EditorSounds/Notifications/CompileStart_Cue.uasset" 198
"../../../Engine/Content/EngineDamageTypes/DmgTypeBP_Environmental.uasset" 199
"../../../Engine/Content/EngineDebugMaterials/HeatmapGradient.uasset" 200
"../../../Engine/Content/EngineDebugMaterials/BoneWeightMaterial.uasset" 201
"../../../Engine/Content/EngineDebugMaterials/ClothMaterial.uasset" 202
"../../../Engine/Content/EngineDebugMaterials/ClothMaterial_WF.uasset" 203
"../../../Engine/Content/EngineDebugMaterials/DebugEditorMaterial.uasset" 204
"../../../Engine/Content/EngineDebugMaterials/DebugMeshMaterial.uasset" 205
"../../../Engine/Content/EngineDebugMaterials/GeomMaterial.uasset" 206
"../../../Engine/Content/EngineDebugMaterials/LevelColorationLitMaterial.uasset" 207
"../../../Engine/Content/EngineDebugMaterials/LevelColorationUnlitMaterial.uasset" 208
"../../../Engine/Content/EngineMaterials/DefaultWhiteGrid.uasset" 209
"../../../Engine/Content/EngineDebugMaterials/MAT_LevelColorationLitLightmapUV.uasset" 210
"../../../Engine/Content/EngineDebugMaterials/M_SimpleUnlitTranslucent.uasset" 211
"../../../Engine/Content/EngineMaterials/DefaultWhiteGrid_Low.uasset" 212
"../../../Engine/Content/EngineDebugMaterials/PhysicalMaterialMaskMaterial.uasset" 213
"../../../Engine/Content/EngineDebugMaterials/ShadedLevelColorationLitMaterial.uasset" 214
"../../../Engine/Content/EngineDebugMaterials/ShadedLevelColorationUnlitMateri.uasset" 215
"../../../Engine/Content/EngineDebugMaterials/VertexColorMaterial.uasset" 216
"../../../Engine/Content/EngineDebugMaterials/VertexColorViewMode_AlphaAsColor.uasset" 217
"../../../Engine/Content/EngineDebugMaterials/VertexColorViewMode_BlueOnly.uasset" 218
"../../../Engine/Content/EngineDebugMaterials/VertexColorViewMode_ColorOnly.uasset" 219
"../../../Engine/Content/EngineDebugMaterials/VertexColorViewMode_GreenOnly.uasset" 220
"../../../Engine/Content/EngineDebugMaterials/VertexColorViewMode_RedOnly.uasset" 221
"../../../Engine/Content/EngineDebugMaterials/WireframeMaterial.uasset" 222
"../../../Engine/Content/EngineFonts/Faces/RobotoRegular.uasset" 223
"../../../Engine/Content/EngineFonts/Faces/RobotoLight.uasset" 224
"../../../Engine/Content/EngineFonts/Faces/RobotoItalic.uasset" 225
"../../../Engine/Content/EngineFonts/Faces/RobotoBoldItalic.uasset" 226
"../../../Engine/Content/EngineFonts/Faces/RobotoBold.uasset" 227
"../../../Engine/Content/EngineFonts/Faces/DroidSansFallback.uasset" 228
"../../../Engine/Content/EngineFonts/Roboto.uasset" 229
"../../../Engine/Content/EngineFonts/Faces/RobotoTiny.uasset" 230
"../../../Engine/Content/EngineFonts/RobotoTiny.uasset" 231
"../../../Engine/Content/EngineFonts/SmallFont.uasset" 232
"../../../Engine/Content/EngineFonts/TinyFont.uasset" 233
"../../../Engine/Content/EngineMaterials/BaseFlattenNormalMap.uasset" 234
"../../../Engine/Content/EngineMaterials/BaseFlattenGrayscaleMap.uasset" 235
"../../../Engine/Content/EngineMaterials/BaseFlattenEmissiveMap.uasset" 236
"../../../Engine/Content/EngineMaterials/BaseFlattenDiffuseMap.uasset" 237
"../../../Engine/Content/EngineMaterials/BaseFlattenMaterial.uasset" 238
"../../../Engine/Content/EngineResources/WhiteSquareTexture.uasset" 239
"../../../Engine/Content/EngineMaterials/BlinkingCaret.uasset" 240
"../../../Engine/Content/EngineMaterials/BlueNoise.uasset" 241
"../../../Engine/Content/EngineMaterials/DefaultBloomKernel.uasset" 242
"../../../Engine/Content/EngineMaterials/DefaultBokeh.uasset" 243
"../../../Engine/Content/EngineMaterials/DefaultDeferredDecalMaterial.uasset" 244
"../../../Engine/Content/EngineMaterials/DefaultLightFunctionMaterial.uasset" 245
"../../../Engine/Content/EngineMaterials/DefaultNormal.uasset" 246
"../../../Engine/Content/EngineMaterials/DefaultPostProcessMaterial.uasset" 247
"../../../Engine/Content/EngineFonts/RobotoDistanceField.uasset" 248
"../../../Engine/Content/EngineMaterials/DefaultTextMaterialOpaque.uasset" 249
"../../../Engine/Content/EngineMaterials/EditorBrushMaterial.uasset" 250
"../../../Engine/Content/EngineMaterials/EmissiveMeshMaterial.uasset" 251
"../../../Engine/Content/EngineMaterials/GizmoMaterial.uasset" 252
"../../../Engine/Content/EngineMaterials/Good64x64TilingNoiseHighFreq.uasset" 253
"../../../Engine/Content/EngineMaterials/Grid_N.uasset" 254
"../../../Engine/Content/EngineMaterials/HighResolutionScreenshotMaskFunction.uasset" 255
"../../../Engine/Content/EngineMaterials/HighResScreenshot.uasset" 256
"../../../Engine/Content/EngineMaterials/HighResScreenshotCaptureRegion.uasset" 257
"../../../Engine/Content/EngineMaterials/HighResScreenshotMask.uasset" 258
"../../../Engine/Content/EngineMaterials/LandscapeHolePhysicalMaterial.uasset" 259
"../../../Engine/Content/EngineMaterials/InvalidLightmapSettings.uasset" 260
"../../../Engine/Content/EngineMaterials/M_InvalidLightmapSettings.uasset" 261
"../../../Engine/Content/EngineMaterials/PaperDiffuse.uasset" 262
"../../../Engine/Content/EngineMaterials/PaperNormal.uasset" 263
"../../../Engine/Content/Functions/Engine_MaterialFunctions02/WorldPositionOffset/CameraOffset.uasset" 264
"../../../Engine/Content/EngineMaterials/PhAT_JointLimitMaterial.uasset" 265
"../../../Engine/Content/EngineMaterials/PhysMat_Rubber.uasset" 266
"../../../Engine/Content/EngineMaterials/PreintegratedSkinBRDF.uasset" 267
"../../../Engine/Content/EngineMaterials/RemoveSurfaceMaterial.uasset" 268
"../../../Engine/Content/EngineMaterials/WeightMapPlaceholderTexture.uasset" 269
"../../../Engine/Content/Functions/Engine_MaterialFunctions01/ImageAdjustment/sRGBToLinear.uasset" 270
"../../../Engine/Content/Functions/Engine_MaterialFunctions02/Utility/BreakOutFloat3Components.uasset" 271
"../../../Engine/Content/EngineMaterials/Widget3DCameraPassThrough_Opaque_OneSided.uasset" 272
"../../../Engine/Content/EngineMaterials/Widget3DPassThrough.uasset" 273
"../../../Engine/Content/EngineMaterials/Widget3DPassThrough_Masked.uasset" 274
"../../../Engine/Content/EngineMaterials/Widget3DPassThrough_Opaque.uasset" 275
"../../../Engine/Content/EngineMaterials/Widget3DPassThrough_Masked_OneSided.uasset" 276
"../../../Engine/Content/EngineMaterials/Widget3DPassThrough_Opaque_OneSided.uasset" 277
"../../../Engine/Content/EngineMaterials/Widget3DPassThrough_Translucent.uasset" 278
"../../../Engine/Content/EngineMaterials/Widget3DPassThrough_Translucent_OneSided.uasset" 279
"../../../Engine/Content/EngineMeshes/Cylinder.uasset" 280
"../../../Engine/Content/EngineMeshes/Sphere.uasset" 281
"../../../Engine/Content/EngineResources/DefaultTextureCube.uasset" 282
"../../../Engine/Content/EngineResources/DefaultVolumeTexture2D.uasset" 283
"../../../Engine/Content/EngineResources/DefaultVolumeTexture.uasset" 284
"../../../Engine/Content/EngineResources/GradientTexture0.uasset" 285
"../../../Engine/Content/EngineResources/StreamingPauseIcon.uasset" 286
"../../../Engine/Content/EngineResources/M_StreamingPause.uasset" 287
"../../../Engine/Content/EngineSky/VolumetricClouds/T_NoiseShape64.uasset" 288
"../../../Engine/Content/EngineSky/VolumetricClouds/T_VolumeNoiseShape64.uasset" 289
"../../../Engine/Content/EngineSky/VolumetricClouds/T_NoiseErosion.uasset" 290
"../../../Engine/Content/EngineSky/VolumetricClouds/T_VolumeNoiseErosion32.uasset" 291
"../../../Engine/Content/EngineSky/VolumetricClouds/CloudWeatherTexture.uasset" 292
"../../../Engine/Content/EngineSky/VolumetricClouds/CloudGradientTexture.uasset" 293
"../../../Engine/Content/EngineSky/VolumetricClouds/m_SimpleVolumetricCloud.uasset" 294
"../../../Engine/Content/EngineSky/VolumetricClouds/m_SimpleVolumetricCloud_Inst.uasset" 295
"../../../Engine/Content/EngineSounds/Master.uasset" 296
"../../../Engine/Content/EngineDebugMaterials/VolumeToRender.uasset" 297
"../../../Engine/Content/Functions/Engine_MaterialFunctions02/Utility/CameraDirectionVector.uasset" 298
"../../../Engine/Content/EngineDebugMaterials/M_VolumeRenderSphereTracePP.uasset" 299
"../../../Engine/Content/Functions/Engine_MaterialFunctions01/Shading/PowerToRoughness.uasset" 300
"../../../Engine/Content/Maps/Templates/Thumbnails/Default.uasset" 301
"../../../Engine/Content/Maps/Templates/Thumbnails/TimeOfDay.uasset" 302
"../../../Engine/Content/Maps/Templates/Thumbnails/VR-Basic.uasset" 303
"../../../Engine/Content/MapTemplates/Sky/DaylightAmbientCubemap.uasset" 304
"../../../Engine/Content/MobileResources/T_MobileControls_texture.uasset" 305
"../../../Engine/Content/MobileResources/T_MobileMenu2.uasset" 306
"../../../Engine/Content/MobileResources/HUD/AnalogHat.uasset" 307
"../../../Engine/Content/MobileResources/HUD/VirtualJoystick_Thumb.uasset" 308
"../../../Engine/Content/MobileResources/HUD/VirtualJoystick_Background.uasset" 309
"../../../Engine/Content/MobileResources/HUD/DefaultVirtualJoysticks.uasset" 310
"../../../Engine/Content/MobileResources/HUD/LeftVirtualJoystickOnly.uasset" 311
"../../../Engine/Content/MobileResources/HUD/MobileHUDButton1_off.uasset" 312
"../../../Engine/Content/MobileResources/HUD/MobileHUDButton1_on.uasset" 313
"../../../Engine/Content/MobileResources/HUD/MobileHUDButton2_off.uasset" 314
"../../../Engine/Content/MobileResources/HUD/MobileHUDButton2_on.uasset" 315
"../../../Engine/Content/MobileResources/HUD/MobileHUDButton3.uasset" 316
"../../../Engine/Content/MobileResources/HUD/MobileHUDButtonFire.uasset" 317
"../../../Engine/Content/MobileResources/HUD/MobileHUDDirectionPad.uasset" 318
"../../../Engine/Content/MobileResources/HUD/MobileHUDDirectionPad2.uasset" 319
"../../../Engine/Content/MobileResources/HUD/MobileHUDDirectionPad3.uasset" 320
"../../../Engine/Content/MobileResources/HUD/MobileHUDDirectionStick.uasset" 321
"../../../Engine/Content/MobileResources/HUD/T_Castle_ThumbstickInner.uasset" 322
"../../../Engine/Content/MobileResources/HUD/T_Castle_ThumbstickOutter.uasset" 323
"../../../Engine/Content/Tutorial/ContentIntroCurve.uasset" 324
"../../../Engine/Content/Tutorial/Basics/LevelEditorAttract.uasset" 325
"../../../Engine/Content/Tutorial/Basics/TutorialAssets/icon_tab_Levels_40x.uasset" 326
"../../../Engine/Content/Tutorial/Basics/LevelEditorOverview.uasset" 327
"../../../Engine/Content/Tutorial/BlueprintTutorials/TutorialAssets/Blueprint_64x.uasset" 328
"../../../Engine/Content/Tutorial/BlueprintTutorials/BlueprintEditorTutorial.uasset" 329
"../../../Engine/Content/Tutorial/BlueprintTutorials/TutorialAssets/Tutorial_BP_MacroLib.uasset" 330
"../../../Engine/Content/Tutorial/SubEditors/TutorialAssets/icon_ShowSkeletalMeshes_40x.uasset" 331
"../../../Engine/Content/Tutorial/SubEditors/PersonaAnimBlueprintEditorWalkthrough.uasset" 332
"../../../Engine/Content/Tutorial/SubEditors/PersonaAnimEditorWalkthrough.uasset" 333
"../../../Engine/Content/Tutorial/SubEditors/PersonaWalkthrough.uasset" 334
"../../../Engine/Content/Tutorial/SubEditors/SkeletalMeshEditorWalkthrough.uasset" 335
"../../../Engine/Content/Tutorial/SubEditors/SkeletonModeWalkthrough.uasset" 336
"../../../Engine/Content/VREditor/TransformGizmo/TranslucentTransformGizmoMaterial.uasset" 337
"../../../Engine/Content/VREditor/LaserPointer/VR_LaserPower_01.uasset" 338
"../../../Engine/Content/VREditor/TransformGizmo/TransformGizmoMaterial.uasset" 339
"../../../Engine/Content/VREditor/TransformGizmo/BoundingBoxCorner.uasset" 340
"../../../Engine/Content/VREditor/TransformGizmo/BoundingBoxEdge.uasset" 341
"../../../Engine/Content/VREditor/TransformGizmo/PlaneTranslationHandle.uasset" 342
"../../../Engine/Content/VREditor/TransformGizmo/Xray.uasset" 343
"../../../Engine/Content/VREditor/TransformGizmo/Main.uasset" 344
"../../../Engine/Content/VREditor/TransformGizmo/SM_Sequencer_Key.uasset" 345
"../../../Engine/Content/VREditor/TransformGizmo/SM_Sequencer_Node.uasset" 346
"../../../../../../Users/student/Desktop/20010013/UnrealEngine4_teamB/TeamB/Content/Scene/GAMEOVER/GAMEOVER.uasset" 347
"../../../../../../Users/student/Desktop/20010013/UnrealEngine4_teamB/TeamB/Content/ThirdPersonBP/ThirdPersonOverview.uasset" 348
"../../../../../../Users/student/Desktop/20010013/UnrealEngine4_teamB/TeamB/Content/ThirdPersonBP/HUD_Score.uasset" 349
"../../../../../../Users/student/Desktop/20010013/UnrealEngine4_teamB/TeamB/Content/Scanned3DPeoplePack/RP_Character/rp_eric_rigged_001_ue4/Materials/rp_eric_rigged_001_norm.uasset" 350
"../../../../../../Users/student/Desktop/20010013/UnrealEngine4_teamB/TeamB/Content/Scanned3DPeoplePack/RP_Character/rp_eric_rigged_001_ue4/Materials/rp_eric_rigged_001_mask02.uasset" 351
"../../../../../../Users/student/Desktop/20010013/UnrealEngine4_teamB/TeamB/Content/Scanned3DPeoplePack/RP_Character/rp_eric_rigged_001_ue4/Materials/rp_eric_rigged_001_mask01.uasset" 352
"../../../../../../Users/student/Desktop/20010013/UnrealEngine4_teamB/TeamB/Content/Scanned3DPeoplePack/RP_Character/rp_eric_rigged_001_ue4/Materials/rp_eric_rigged_001_gloss.uasset" 353
"../../../../../../Users/student/Desktop/20010013/UnrealEngine4_teamB/TeamB/Content/Scanned3DPeoplePack/RP_Character/rp_eric_rigged_001_ue4/Materials/rp_eric_rigged_001_dif.uasset" 354
"../../../../../../Users/student/Desktop/20010013/UnrealEngine4_teamB/TeamB/Content/Scanned3DPeoplePack/RP_Character/00_rp_master/Materials/rp_master_placeholder/rp_master_texture.uasset" 355
"../../../../../../Users/student/Desktop/20010013/UnrealEngine4_teamB/TeamB/Content/Scanned3DPeoplePack/RP_Character/00_rp_master/Materials/rp_master_placeholder/rp_master_normal.uasset" 356
"../../../../../../Users/student/Desktop/20010013/UnrealEngine4_teamB/TeamB/Content/Scanned3DPeoplePack/RP_Character/00_rp_master/Materials/rp_master_placeholder/rp_master_gloss.uasset" 357
"../../../Engine/Content/Functions/Engine_MaterialFunctions02/3PointLevels.uasset" 358
"../../../Engine/Content/Functions/Engine_MaterialFunctions01/ImageAdjustment/BlurSampleOffsets.uasset" 359
"../../../Engine/Content/Functions/Engine_MaterialFunctions01/ImageAdjustment/HighPassTexture.uasset" 360
"../../../Engine/Content/Functions/Engine_MaterialFunctions02/HueShift.uasset" 361
"../../../Engine/Content/Functions/Engine_MaterialFunctions01/Gradient/LinearGradient.uasset" 362
"../../../Engine/Content/Functions/Engine_MaterialFunctions01/ImageAdjustment/CheapContrast.uasset" 363
"../../../Engine/Content/Functions/Engine_MaterialFunctions02/SplitComponents.uasset" 364
"../../../../../../Users/student/Desktop/20010013/UnrealEngine4_teamB/TeamB/Content/Scanned3DPeoplePack/RP_Character/00_rp_master/Materials/RP_Rigged_MasterMaterial.uasset" 365
"../../../../../../Users/student/Desktop/20010013/UnrealEngine4_teamB/TeamB/Content/Scanned3DPeoplePack/RP_Character/rp_eric_rigged_001_ue4/Materials/rp_eric_rigged_001_mat.uasset" 366
"../../../../../../Users/student/Desktop/20010013/UnrealEngine4_teamB/TeamB/Content/Scanned3DPeoplePack/RP_Character/00_rp_master/Mannequin/UE4_Mannequin_PhysicsAsset.uasset" 367
"../../../Engine/Content/EngineMeshes/Humanoid.uasset" 368
"../../../../../../Users/student/Desktop/20010013/UnrealEngine4_teamB/TeamB/Content/Scanned3DPeoplePack/RP_Character/00_rp_master/Mannequin/UE4_Mannequin_Skeleton.uasset" 369
"../../../../../../Users/student/Desktop/20010013/UnrealEngine4_teamB/TeamB/Content/Scanned3DPeoplePack/RP_Character/rp_eric_rigged_001_ue4/rp_eric_rigged_001_ue4.uasset" 370
"../../../Engine/Content/Animation/DefaultAnimCurveCompressionSettings.uasset" 371
"../../../Engine/Content/Animation/DefaultAnimBoneCompressionSettings.uasset" 372
"../../../../../../Users/student/Desktop/20010013/UnrealEngine4_teamB/TeamB/Content/Mannequin/ThirdPersonWalk.uasset" 373
"../../../../../../Users/student/Desktop/20010013/UnrealEngine4_teamB/TeamB/Content/Mannequin/ThirdPersonRun.uasset" 374
"../../../../../../Users/student/Desktop/20010013/UnrealEngine4_teamB/TeamB/Content/Mannequin/ThirdPersonIdle.uasset" 375
"../../../../../../Users/student/Desktop/20010013/UnrealEngine4_teamB/TeamB/Content/Mannequin/ThirdPerson_IdleRun_2D.uasset" 376
"../../../../../../Users/student/Desktop/20010013/UnrealEngine4_teamB/TeamB/Content/Mannequin/ThirdPerson_Jump.uasset" 377
"../../../../../../Users/student/Desktop/20010013/UnrealEngine4_teamB/TeamB/Content/Mannequin/ThirdPersonJump_Start.uasset" 378
"../../../../../../Users/student/Desktop/20010013/UnrealEngine4_teamB/TeamB/Content/Mannequin/ThirdPersonJump_Loop.uasset" 379
"../../../../../../Users/student/Desktop/20010013/UnrealEngine4_teamB/TeamB/Content/Mannequin/ThirdPerson_AnimBP.uasset" 380
"../../../../../../Users/student/Desktop/20010013/UnrealEngine4_teamB/TeamB/Content/ThirdPersonBP/Blueprints/ThirdPersonCharacter.uasset" 381
"../../../../../../Users/student/Desktop/20010013/UnrealEngine4_teamB/TeamB/Content/ThirdPersonBP/Blueprints/ThirdPersonGameMode.uasset" 382
"../../Plugins/2D/Paper2D/Content/PlaceholderTextures/DummySpriteTexture.uasset" 383
"../../Plugins/2D/Paper2D/Content/DummySprite.uasset" 384
"../../Plugins/2D/Paper2D/Content/DefaultPaperTerrainMaterial.uasset" 385
"../../Plugins/2D/Paper2D/Content/DefaultSpriteMaterial.uasset" 386
"../../Plugins/2D/Paper2D/Content/MaskedUnlitSpriteMaterial.uasset" 387
"../../Plugins/2D/Paper2D/Content/OpaqueUnlitSpriteMaterial.uasset" 388
"../../Plugins/FX/Niagara/Content/Enums/ENiagaraAnimTrailWidthMode.uasset" 389
"../../Plugins/FX/Niagara/Content/Enums/ENiagaraArraySamplingMode.uasset" 390
"../../Plugins/FX/Niagara/Content/Enums/ENiagaraBoneSamplingMode.uasset" 391
"../../Plugins/FX/Niagara/Content/Enums/ENiagaraBoneSocketSamplingMode.uasset" 392
"../../Plugins/FX/Niagara/Content/Enums/ENiagaraBooleanLogicOps.uasset" 393
"../../Plugins/FX/Niagara/Content/Enums/ENiagaraBooleanLogicOps_v2.uasset" 394
"../../Plugins/FX/Niagara/Content/Enums/ENiagaraCalculateRadiusOptions.uasset" 395
"../../Plugins/FX/Niagara/Content/Enums/ENiagaraChannelCorrelation.uasset" 396
"../../Plugins/FX/Niagara/Content/Enums/ENiagaraCollisionRadiusOptions.uasset" 397
"../../Plugins/FX/Niagara/Content/Enums/ENiagaraCoordinateSpace.uasset" 398
"../../Plugins/FX/Niagara/Content/Enums/ENiagaraCurlNoiseQuality.uasset" 399
"../../Plugins/FX/Niagara/Content/Enums/ENiagaraEmitterLifeCycleMode.uasset" 400
"../../Plugins/FX/Niagara/Content/Enums/ENiagaraEmitterScalabilityMode.uasset" 401
"../../Plugins/FX/Niagara/Content/Enums/ENiagaraEmitterScalabilityMode_Limited.uasset" 402
"../../Plugins/FX/Niagara/Content/Enums/ENiagaraExecutionStateManagement.uasset" 403
"../../Plugins/FX/Niagara/Content/Enums/ENiagaraExpansionMode.uasset" 404
"../../Plugins/FX/Niagara/Content/Enums/ENiagaraFrictionMergeType.uasset" 405
"../../Plugins/FX/Niagara/Content/Enums/ENiagaraGPUDepthResponseType.uasset" 406
"../../Plugins/FX/Niagara/Content/Enums/ENiagaraGridPlacementType.uasset" 407
"../../Plugins/FX/Niagara/Content/Enums/ENiagaraInactiveMode.uasset" 408
"../../Plugins/FX/Niagara/Content/Enums/ENiagaraKillVolumeOptions.uasset" 409
"../../Plugins/FX/Niagara/Content/Enums/ENiagaraLinearColor_Channels.uasset" 410
"../../Plugins/FX/Niagara/Content/Enums/ENiagaraMassByVolume.uasset" 411
"../../Plugins/FX/Niagara/Content/Enums/ENiagaraMassCalculationForRendererTypes.uasset" 412
"../../Plugins/FX/Niagara/Content/Enums/ENiagaraMeshOrSprite.uasset" 413
"../../Plugins/FX/Niagara/Content/Enums/ENiagaraMeshSamplingMode.uasset" 414
"../../Plugins/FX/Niagara/Content/Enums/ENiagaraMeshSurfaceSamplingMode.uasset" 415
"../../Plugins/FX/Niagara/Content/Enums/ENiagaraMeshTransforms.uasset" 416
"../../Plugins/FX/Niagara/Content/Enums/ENiagaraMinOrMax.uasset" 417
"../../Plugins/FX/Niagara/Content/Enums/ENiagaraNumericVariableTypes.uasset" 418
"../../Plugins/FX/Niagara/Content/Enums/ENiagaraOrientationAxis.uasset" 419
"../../Plugins/FX/Niagara/Content/Enums/ENiagaraQuaternionDerivationTechnique.uasset" 420
"../../Plugins/FX/Niagara/Content/Enums/ENiagaraRandomnessEvaluation.uasset" 421
"../../Plugins/FX/Niagara/Content/Enums/ENiagaraRandomnessMode.uasset" 422
"../../Plugins/FX/Niagara/Content/Enums/ENiagaraRestitutionMergeType.uasset" 423
"../../Plugins/FX/Niagara/Content/Enums/ENiagaraScaleColorMode.uasset" 424
"../../Plugins/FX/Niagara/Content/Enums/ENiagaraSimulationTarget.uasset" 425
"../../Plugins/FX/Niagara/Content/Enums/ENiagaraSkeletalSpawning.uasset" 426
"../../Plugins/FX/Niagara/Content/Enums/ENiagaraSkelSamplingFilteringMode.uasset" 427
"../../Plugins/FX/Niagara/Content/Enums/ENiagaraSkelSamplingModeFull.uasset" 428
"../../Plugins/FX/Niagara/Content/Enums/ENiagaraSocketSamplingMode.uasset" 429
"../../Plugins/FX/Niagara/Content/Enums/ENiagaraSphereDistributionMode.uasset" 430
"../../Plugins/FX/Niagara/Content/Enums/ENiagaraSUbUVAnimationMode.uasset" 431
"../../Plugins/FX/Niagara/Content/Enums/ENiagaraSystemInactiveMode.uasset" 432
"../../Plugins/FX/Niagara/Content/Enums/ENiagaraTorusDistributionMode.uasset" 433
"../../Plugins/FX/Niagara/Content/Enums/ENiagaraTorusMode.uasset" 434
"../../Plugins/FX/Niagara/Content/Enums/ENiagaraTriangleSamplingMode.uasset" 435
"../../Plugins/FX/Niagara/Content/Enums/ENiagaraVector2_Channels.uasset" 436
"../../Plugins/FX/Niagara/Content/Enums/ENiagaraVector3_Channels.uasset" 437
"../../Plugins/FX/Niagara/Content/Enums/ENiagaraVector4_Channels.uasset" 438
"../../Plugins/FX/Niagara/Content/Enums/ENiagaraVertexFilteringMode.uasset" 439
"../../Plugins/FX/Niagara/Content/Enums/ENiagaraVertexSamplingMode.uasset" 440
"../../Plugins/FX/Niagara/Content/Enums/ENiagara_AudioParamType.uasset" 441
"../../Plugins/FX/Niagara/Content/Enums/ENiagara_BankOnTurns.uasset" 442
"../../Plugins/FX/Niagara/Content/Enums/ENiagara_CameraMeshOrientation.uasset" 443
"../../Plugins/FX/Niagara/Content/Enums/ENiagara_CameraProperties.uasset" 444
"../../Plugins/FX/Niagara/Content/Enums/ENiagara_CollisionType.uasset" 445
"../../Plugins/FX/Niagara/Content/Enums/ENiagara_ColorInitializationMode.uasset" 446
"../../Plugins/FX/Niagara/Content/Enums/ENiagara_CPUCollisionType.uasset" 447
"../../Plugins/FX/Niagara/Content/Enums/ENiagara_DirectReadApplicationMode.uasset" 448
"../../Plugins/FX/Niagara/Content/Enums/ENiagara_DirectReadParticleIDSampling.uasset" 449
"../../Plugins/FX/Niagara/Content/Enums/ENiagara_DirectReadSamplingMode.uasset" 450
"../../Plugins/FX/Niagara/Content/Enums/ENiagara_EmitterLocSamplingMode.uasset" 451
"../../Plugins/FX/Niagara/Content/Enums/ENiagara_EmitterStateOptions.uasset" 452
"../../Plugins/FX/Niagara/Content/Enums/ENiagara_FadeOperationType.uasset" 453
"../../Plugins/FX/Niagara/Content/Enums/ENiagara_Float4Channel.uasset" 454
"../../Plugins/FX/Niagara/Content/Enums/ENiagara_GPUCollisionType.uasset" 455
"../../Plugins/FX/Niagara/Content/Enums/ENiagara_IDAttributes.uasset" 456
"../../Plugins/FX/Niagara/Content/Enums/ENiagara_InfiniteLoopDuration.uasset" 457
"../../Plugins/FX/Niagara/Content/Enums/ENiagara_LifetimeInheritanceOptions.uasset" 458
"../../Plugins/FX/Niagara/Content/Enums/ENiagara_LifetimeMode.uasset" 459
"../../Plugins/FX/Niagara/Content/Enums/ENiagara_MassInitializationMode.uasset" 460
"../../Plugins/FX/Niagara/Content/Enums/ENiagara_MultipleLerpCount.uasset" 461
"../../Plugins/FX/Niagara/Content/Enums/ENiagara_PositionInitializationMode.uasset" 462
"../../Plugins/FX/Niagara/Content/Enums/ENiagara_RotationDefinitionApproach.uasset" 463
"../../Plugins/FX/Niagara/Content/Enums/ENiagara_SizeScaleMode.uasset" 464
"../../Plugins/FX/Niagara/Content/Enums/ENiagara_SpawnBurstMode.uasset" 465
"../../Plugins/FX/Niagara/Content/Enums/ENiagara_SpriteRotationMode.uasset" 466
"../../Plugins/FX/Niagara/Content/Enums/ENiagara_SubUVLookupMode.uasset" 467
"../../Plugins/FX/Niagara/Content/Enums/ENiagara_TransformBaseOptions.uasset" 468
"../../Plugins/FX/Niagara/Content/Enums/ENiagara_TransformMode.uasset" 469
"../../Plugins/FX/Niagara/Content/Enums/ENiagara_TransformOrientationMode.uasset" 470
"../../Plugins/FX/Niagara/Content/Enums/ENiagara_UVFlippingMode.uasset" 471
"../../Plugins/FX/Niagara/Content/Enums/Niagara_Units.uasset" 472
"../../Plugins/FX/Niagara/Content/Enums/CascadeConversion/ECascadeNiagaraOrbitChainMode.uasset" 473
"../../Plugins/FX/Niagara/Content/Enums/CascadeConversion/ECascadeNiagaraTwoVectorChannels.uasset" 474
"../../Plugins/FX/Niagara/Content/Icons/S_ParticleSystem.uasset" 475
"../../Plugins/Editor/SpeedTreeImporter/Content/SpeedTree9/UnpackInteger3.uasset" 476
"../../Plugins/Editor/SpeedTreeImporter/Content/SpeedTree9/UnpackDirection.uasset" 477
"../../Plugins/Editor/SpeedTreeImporter/Content/SpeedTree9/game_wind_noise.uasset" 478
"../../../Engine/Content/Functions/Engine_MaterialFunctions02/SafeNormalize.uasset" 479
"../../Plugins/Editor/SpeedTreeImporter/Content/SpeedTree9/SpeedTreeWindMotion.uasset" 480
"../../Plugins/Editor/SpeedTreeImporter/Content/SpeedTree9/SpeedTreeBranchMotion.uasset" 481
"../../../Engine/Content/Functions/Engine_MaterialFunctions02/ObjectLocalBounds.uasset" 482
"../../../Engine/Content/Functions/Engine_MaterialFunctions02/UVs/BoundingBoxBased_0-1_UVW.uasset" 483
"../../Plugins/Editor/SpeedTreeImporter/Content/SpeedTree9/SpeedTreeWind.uasset" 484
"../../Plugins/Editor/SpeedTreeImporter/Content/SpeedTree9/SpeedTreeBillboard.uasset" 485
"../../../Engine/Content/EngineResources/DefaultTexture.uasset" 486
"../../Plugins/Editor/SpeedTreeImporter/Content/SpeedTree9/SpeedTreeBillboardMaster.uasset" 487
"../../Plugins/Editor/SpeedTreeImporter/Content/SpeedTree9/SpeedTreeCameraFacing.uasset" 488
"../../Plugins/Editor/SpeedTreeImporter/Content/SpeedTree9/SpeedTreeMaster.uasset" 489
"../../../Engine/Content/BasicShapes/Cylinder.uasset" 490
"../../../Engine/Content/ArtTools/RenderToTexture/Materials/Debug/M_Emissive_Color.uasset" 491
"../../Plugins/Lumin/MagicLeapPassableWorld/Content/MagicLeapARPinInfoActor.uasset" 492
"../../../Engine/Content/Functions/Engine_MaterialFunctions02/Utility/BreakOutFloat4Components.uasset" 493
"../../Plugins/Runtime/Oculus/OculusVR/Content/Materials/OculusMR_ChromaKey.uasset" 494
"../../Plugins/Runtime/Oculus/OculusVR/Content/Materials/OculusMR_OpaqueColoredMaterial.uasset" 495
"../../Plugins/Runtime/Oculus/OculusVR/Content/Materials/PokeAHoleMaterial.uasset" 496
"../../Plugins/Runtime/Oculus/OculusVR/Content/Textures/touchController_controlmap.uasset" 497
"../../Plugins/Runtime/Oculus/OculusVR/Content/Textures/touchController_albedo.uasset" 498
"../../Plugins/Runtime/Oculus/OculusVR/Content/Materials/touchController_mat.uasset" 499
"../../Plugins/Runtime/Oculus/OculusVR/Content/Meshes/LeftTouchController.uasset" 500
"../../Plugins/Runtime/Oculus/OculusVR/Content/Textures/TouchForQuestRiftSController_albedo.uasset" 501
"../../Plugins/Runtime/Oculus/OculusVR/Content/Materials/TouchForQuestRiftSControllerMaterial.uasset" 502
"../../Plugins/Runtime/Oculus/OculusVR/Content/Meshes/LeftTouchForQuestRiftSController.uasset" 503
"../../Plugins/Runtime/Oculus/OculusVR/Content/Meshes/RiftHMD.uasset" 504
"../../Plugins/Runtime/Oculus/OculusVR/Content/Meshes/RightTouchController.uasset" 505
"../../Plugins/Runtime/Oculus/OculusVR/Content/Meshes/RightTouchForQuestRiftSController.uasset" 506
"../../../Engine/Content/Maps/Entry_BuiltData.uasset" 507
"../../../Engine/Content/Maps/Entry.umap" 508
"../../../../../../Users/student/Desktop/20010013/UnrealEngine4_teamB/TeamB/Content/StarterContent/Audio/Starter_Music01.uasset" 509
"../../../../../../Users/student/Desktop/20010013/UnrealEngine4_teamB/TeamB/Content/StarterContent/Audio/Starter_Music_Cue.uasset" 510
"../../../../../../Users/student/Desktop/20010013/UnrealEngine4_teamB/TeamB/Content/Scene/Title/photo0000-4324.uasset" 511
"../../../../../../Users/student/Desktop/20010013/UnrealEngine4_teamB/TeamB/Content/Scene/Title/Title.uasset" 512
"../../../../../../Users/student/Desktop/20010013/UnrealEngine4_teamB/TeamB/Content/Scene/Title/TitleLevel.umap" 513
"../../../../../../Users/student/Desktop/20010013/UnrealEngine4_teamB/TeamB/Content/ThirdPersonBP/HUD.uasset" 514
"../../../../../../Users/student/Desktop/20010013/UnrealEngine4_teamB/TeamB/Content/PolygonCity/Meshes/Vehicles_Rigged/SK_Veh_Car_Van_01_PhysicsAsset.uasset" 515
"../../../../../../Users/student/Desktop/20010013/UnrealEngine4_teamB/TeamB/Content/PolygonCity/Materials/Mat_PolygonCity_Glass_Car_Windows.uasset" 516
"../../../../../../Users/student/Desktop/20010013/UnrealEngine4_teamB/TeamB/Content/PolygonCity/Meshes/Vehicles_Rigged/SK_Veh_Car_Van_01_Skeleton.uasset" 517
"../../../../../../Users/student/Desktop/20010013/UnrealEngine4_teamB/TeamB/Content/PolygonCity/Textures/T_PolygonCity_Texture_Roughness.uasset" 518
"../../../../../../Users/student/Desktop/20010013/UnrealEngine4_teamB/TeamB/Content/PolygonCity/Textures/T_PolygonCity_Texture_Metallic.uasset" 519
"../../../../../../Users/student/Desktop/20010013/UnrealEngine4_teamB/TeamB/Content/PolygonCity/Textures/T_PolygonCity_Texture_01_A.uasset" 520
"../../../../../../Users/student/Desktop/20010013/UnrealEngine4_teamB/TeamB/Content/PolygonCity/Textures/T_PolygonCity_Emissive_01.uasset" 521
"../../../../../../Users/student/Desktop/20010013/UnrealEngine4_teamB/TeamB/Content/PolygonCity/Textures/T_PolygonCity_Texture_Normal_01.uasset" 522
"../../../../../../Users/student/Desktop/20010013/UnrealEngine4_teamB/TeamB/Content/PolygonCity/Materials/Mat_PolygonCity_Texture_01_A.uasset" 523
"../../../../../../Users/student/Desktop/20010013/UnrealEngine4_teamB/TeamB/Content/PolygonCity/Meshes/Vehicles_Rigged/SK_Veh_Car_Van_01.uasset" 524
"../../../../../../Users/student/Desktop/20010013/UnrealEngine4_teamB/TeamB/Content/PolygonCity/Meshes/Vehicles_Rigged/SK_Veh_Car_Medium_01_Skeleton.uasset" 525
"../../../../../../Users/student/Desktop/20010013/UnrealEngine4_teamB/TeamB/Content/PolygonCity/Meshes/Vehicles_Rigged/SK_Veh_Car_Medium_01_PhysicsAsset.uasset" 526
"../../../../../../Users/student/Desktop/20010013/UnrealEngine4_teamB/TeamB/Content/PolygonCity/Meshes/Vehicles_Rigged/SK_Veh_Car_Medium_01.uasset" 527
"../../../../../../Users/student/Desktop/20010013/UnrealEngine4_teamB/TeamB/Content/PolygonCity/Meshes/Props/SM_Prop_Trashbin_01.uasset" 528
"../../../../../../Users/student/Desktop/20010013/UnrealEngine4_teamB/TeamB/Content/PolygonCity/Meshes/Props/SM_Prop_Skip_02.uasset" 529
"../../../../../../Users/student/Desktop/20010013/UnrealEngine4_teamB/TeamB/Content/PolygonCity/Meshes/Props/SM_Prop_Skip_01.uasset" 530
"../../../../../../Users/student/Desktop/20010013/UnrealEngine4_teamB/TeamB/Content/PolygonCity/Meshes/Props/SM_Prop_Sign_Police_01.uasset" 531
"../../../../../../Users/student/Desktop/20010013/UnrealEngine4_teamB/TeamB/Content/PolygonCity/Meshes/Props/SM_Prop_Sign_Parking_01.uasset" 532
"../../../../../../Users/student/Desktop/20010013/UnrealEngine4_teamB/TeamB/Content/PolygonCity/Meshes/Props/SM_Prop_Sign_GiveWay_03.uasset" 533
"../../../../../../Users/student/Desktop/20010013/UnrealEngine4_teamB/TeamB/Content/PolygonCity/Meshes/Props/SM_Prop_Sign_BusStop_01.uasset" 534
"../../../../../../Users/student/Desktop/20010013/UnrealEngine4_teamB/TeamB/Content/PolygonCity/Meshes/Props/SM_Prop_SidewalkPoles_01.uasset" 535
"../../../../../../Users/student/Desktop/20010013/UnrealEngine4_teamB/TeamB/Content/PolygonCity/Meshes/Props/SM_Prop_PicnicTable_01.uasset" 536
"../../../../../../Users/student/Desktop/20010013/UnrealEngine4_teamB/TeamB/Content/PolygonCity/Meshes/Props/SM_Prop_ParkBench_01.uasset" 537
"../../../../../../Users/student/Desktop/20010013/UnrealEngine4_teamB/TeamB/Content/PolygonCity/Meshes/Props/SM_Prop_Manhole_01.uasset" 538
"../../../../../../Users/student/Desktop/20010013/UnrealEngine4_teamB/TeamB/Content/PolygonCity/Meshes/Buildings/SM_Bld_OfficeRound_04.uasset" 539
"../../../../../../Users/student/Desktop/20010013/UnrealEngine4_teamB/TeamB/Content/PolygonCity/Meshes/Buildings/SM_Bld_Station_03.uasset" 540
"../../../../../../Users/student/Desktop/20010013/UnrealEngine4_teamB/TeamB/Content/PolygonCity/Meshes/Buildings/SM_Bld_Station_02.uasset" 541
"../../../../../../Users/student/Desktop/20010013/UnrealEngine4_teamB/TeamB/Content/PolygonCity/Meshes/Buildings/SM_Bld_Shop_Corner_02.uasset" 542
"../../../../../../Users/student/Desktop/20010013/UnrealEngine4_teamB/TeamB/Content/PolygonCity/Meshes/Buildings/SM_Bld_Shop_Corner_01.uasset" 543
"../../../../../../Users/student/Desktop/20010013/UnrealEngine4_teamB/TeamB/Content/PolygonCity/Meshes/Buildings/SM_Bld_Shop_06.uasset" 544
"../../../../../../Users/student/Desktop/20010013/UnrealEngine4_teamB/TeamB/Content/PolygonCity/Meshes/Buildings/SM_Bld_Shop_04.uasset" 545
"../../../../../../Users/student/Desktop/20010013/UnrealEngine4_teamB/TeamB/Content/PolygonCity/Materials/Mat_PolygonCity_Glass_Windows.uasset" 546
"../../../../../../Users/student/Desktop/20010013/UnrealEngine4_teamB/TeamB/Content/PolygonCity/Meshes/Buildings/SM_Bld_Shop_03_Glass.uasset" 547
"../../../../../../Users/student/Desktop/20010013/UnrealEngine4_teamB/TeamB/Content/PolygonCity/Meshes/Buildings/SM_Bld_Shop_03.uasset" 548
"../../../../../../Users/student/Desktop/20010013/UnrealEngine4_teamB/TeamB/Content/PolygonCity/Meshes/Buildings/SM_Bld_Shop_02.uasset" 549
"../../../../../../Users/student/Desktop/20010013/UnrealEngine4_teamB/TeamB/Content/PolygonCity/Meshes/Buildings/SM_Bld_Shop_01.uasset" 550
"../../../../../../Users/student/Desktop/20010013/UnrealEngine4_teamB/TeamB/Content/PolygonCity/Meshes/Buildings/SM_Bld_OfficeRound_Roof_01.uasset" 551
"../../../../../../Users/student/Desktop/20010013/UnrealEngine4_teamB/TeamB/Content/PolygonCity/Meshes/Buildings/SM_Bld_OfficeRound_Base_01_Glass.uasset" 552
"../../../../../../Users/student/Desktop/20010013/UnrealEngine4_teamB/TeamB/Content/PolygonCity/Meshes/Buildings/SM_Bld_OfficeRound_Base_01.uasset" 553
"../../../../../../Users/student/Desktop/20010013/UnrealEngine4_teamB/TeamB/Content/PolygonCity/Meshes/Buildings/SM_Bld_OfficeOld_Large_02.uasset" 554
"../../../../../../Users/student/Desktop/20010013/UnrealEngine4_teamB/TeamB/Content/PolygonCity/Meshes/Buildings/SM_Bld_OfficeOld_Large_01.uasset" 555
"../../../../../../Users/student/Desktop/20010013/UnrealEngine4_teamB/TeamB/Content/PolygonCity/Meshes/Buildings/SM_Bld_OfficeOctagon_Roof_01.uasset" 556
"../../../../../../Users/student/Desktop/20010013/UnrealEngine4_teamB/TeamB/Content/PolygonCity/Meshes/Buildings/SM_Bld_OfficeOctagon_Base_01.uasset" 557
"../../../../../../Users/student/Desktop/20010013/UnrealEngine4_teamB/TeamB/Content/PolygonCity/Meshes/Buildings/SM_Bld_Apartment_Stack_03.uasset" 558
"../../../../../../Users/student/Desktop/20010013/UnrealEngine4_teamB/TeamB/Content/PolygonCity/Meshes/Buildings/SM_Bld_Apartment_Stack_02.uasset" 559
"../../../../../../Users/student/Desktop/20010013/UnrealEngine4_teamB/TeamB/Content/PolygonCity/Meshes/Buildings/SM_Bld_Apartment_Stack_01.uasset" 560
"../../../../../../Users/student/Desktop/20010013/UnrealEngine4_teamB/TeamB/Content/PolygonCity/Textures/T_PolygonCity_Texture_04_A.uasset" 561
"../../../../../../Users/student/Desktop/20010013/UnrealEngine4_teamB/TeamB/Content/PolygonCity/Materials/Mat_PolygonCity_Texture_04_A.uasset" 562
"../../../../../../Users/student/Desktop/20010013/UnrealEngine4_teamB/TeamB/Content/PolygonCity/Textures/T_PolygonCity_Texture_03_C.uasset" 563
"../../../../../../Users/student/Desktop/20010013/UnrealEngine4_teamB/TeamB/Content/PolygonCity/Materials/Mat_PolygonCity_Texture_03_C.uasset" 564
"../../../../../../Users/student/Desktop/20010013/UnrealEngine4_teamB/TeamB/Content/PolygonCity/Textures/T_PolygonCity_Texture_02_B.uasset" 565
"../../../../../../Users/student/Desktop/20010013/UnrealEngine4_teamB/TeamB/Content/PolygonCity/Materials/Mat_PolygonCity_Texture_02_B.uasset" 566
"../../../../../../Users/student/Desktop/20010013/UnrealEngine4_teamB/TeamB/Content/PolygonCity/Textures/T_PolygonCity_BillboardAds.uasset" 567
"../../../../../../Users/student/Desktop/20010013/UnrealEngine4_teamB/TeamB/Content/PolygonCity/Materials/Mat_PolygonCity_Billboard.uasset" 568
"../../../../../../Users/student/Desktop/20010013/UnrealEngine4_teamB/TeamB/Content/PolygonCity/Meshes/Props/SM_Prop_Billboard_Sign_07.uasset" 569
"../../../../../../Users/student/Desktop/20010013/UnrealEngine4_teamB/TeamB/Content/PolygonCity/Meshes/Props/SM_Prop_Billboard_Sign_06.uasset" 570
"../../../../../../Users/student/Desktop/20010013/UnrealEngine4_teamB/TeamB/Content/PolygonCity/Meshes/Props/SM_Prop_Billboard_Sign_02.uasset" 571
"../../../../../../Users/student/Desktop/20010013/UnrealEngine4_teamB/TeamB/Content/PolygonCity/Meshes/Props/SM_Prop_Billboard_Sign_01.uasset" 572
"../../../../../../Users/student/Desktop/20010013/UnrealEngine4_teamB/TeamB/Content/PolygonCity/Meshes/Environments/SM_Env_WaterEdge_Straight_03.uasset" 573
"../../../../../../Users/student/Desktop/20010013/UnrealEngine4_teamB/TeamB/Content/PolygonCity/Textures/T_PolygonCity_Texture_Skyline.uasset" 574
"../../../../../../Users/student/Desktop/20010013/UnrealEngine4_teamB/TeamB/Content/PolygonCity/Materials/Mat_PolygonCity_Skyline.uasset" 575
"../../../../../../Users/student/Desktop/20010013/UnrealEngine4_teamB/TeamB/Content/PolygonCity/Meshes/Environments/SM_Env_Skyline_04.uasset" 576
"../../../../../../Users/student/Desktop/20010013/UnrealEngine4_teamB/TeamB/Content/PolygonCity/Meshes/Environments/SM_Env_Skyline_03.uasset" 577
"../../../../../../Users/student/Desktop/20010013/UnrealEngine4_teamB/TeamB/Content/PolygonCity/Meshes/Environments/SM_Env_Skyline_02.uasset" 578
"../../../../../../Users/student/Desktop/20010013/UnrealEngine4_teamB/TeamB/Content/PolygonCity/Meshes/Environments/SM_Env_Skyline_01.uasset" 579
"../../../../../../Users/student/Desktop/20010013/UnrealEngine4_teamB/TeamB/Content/PolygonCity/Meshes/Environments/SM_Env_Sidewalk_Straight_01.uasset" 580
"../../../../../../Users/student/Desktop/20010013/UnrealEngine4_teamB/TeamB/Content/PolygonCity/Meshes/Environments/SM_Env_Sidewalk_Dip_Corner_01.uasset" 581
"../../../../../../Users/student/Desktop/20010013/UnrealEngine4_teamB/TeamB/Content/PolygonCity/Meshes/Environments/SM_Env_Sidewalk_Corner_02.uasset" 582
"../../../../../../Users/student/Desktop/20010013/UnrealEngine4_teamB/TeamB/Content/PolygonCity/Meshes/Environments/SM_Env_Sidewalk_01.uasset" 583
"../../../../../../Users/student/Desktop/20010013/UnrealEngine4_teamB/TeamB/Content/PolygonCity/Textures/T_PolygonCity_Road_Normal.uasset" 584
"../../../../../../Users/student/Desktop/20010013/UnrealEngine4_teamB/TeamB/Content/PolygonCity/Textures/T_PolygonCity_Road_01.uasset" 585
"../../../../../../Users/student/Desktop/20010013/UnrealEngine4_teamB/TeamB/Content/PolygonCity/Materials/Mat_PolygonCity_Texture_Road_01.uasset" 586
"../../../../../../Users/student/Desktop/20010013/UnrealEngine4_teamB/TeamB/Content/PolygonCity/Meshes/Environments/SM_Env_Road_ParkingLines_01.uasset" 587
"../../../../../../Users/student/Desktop/20010013/UnrealEngine4_teamB/TeamB/Content/PolygonCity/Meshes/Environments/SM_Env_Road_Lines_02.uasset" 588
"../../../../../../Users/student/Desktop/20010013/UnrealEngine4_teamB/TeamB/Content/PolygonCity/Meshes/Environments/SM_Env_Road_Crossing_01.uasset" 589
"../../../../../../Users/student/Desktop/20010013/UnrealEngine4_teamB/TeamB/Content/PolygonCity/Meshes/Environments/SM_Env_Road_Bare_01.uasset" 590
"../../../../../../Users/student/Desktop/20010013/UnrealEngine4_teamB/TeamB/Content/PolygonCity/Meshes/Environments/SM_Env_Road_Arrow_02.uasset" 591
"../../../../../../Users/student/Desktop/20010013/UnrealEngine4_teamB/TeamB/Content/PolygonCity/Meshes/Environments/SM_Env_Road_Arrow_01.uasset" 592
"../../../../../../Users/student/Desktop/20010013/UnrealEngine4_teamB/TeamB/Content/PolygonCity/Meshes/Environments/SM_Env_Road_03.uasset" 593
"../../../../../../Users/student/Desktop/20010013/UnrealEngine4_teamB/TeamB/Content/PolygonCity/Meshes/Environments/SM_Env_Road_02.uasset" 594
"../../../../../../Users/student/Desktop/20010013/UnrealEngine4_teamB/TeamB/Content/PolygonCity/Textures/T_PolygonCity_Texture_02_A.uasset" 595
"../../../../../../Users/student/Desktop/20010013/UnrealEngine4_teamB/TeamB/Content/PolygonCity/Materials/Mat_PolygonCity_Texture_02_A.uasset" 596
"../../../../../../Users/student/Desktop/20010013/UnrealEngine4_teamB/TeamB/Content/VehicleVarietyPack/Textures/Hatchback/TX_Hatchback_ORM.uasset" 597
"../../../../../../Users/student/Desktop/20010013/UnrealEngine4_teamB/TeamB/Content/VehicleVarietyPack/Textures/Hatchback/TX_Hatchback_Normal.uasset" 598
"../../../../../../Users/student/Desktop/20010013/UnrealEngine4_teamB/TeamB/Content/VehicleVarietyPack/Textures/Hatchback/TX_Hatchback_Diffuse.uasset" 599
"../../../../../../Users/student/Desktop/20010013/UnrealEngine4_teamB/TeamB/Content/VehicleVarietyPack/Materials/Hatchback/M_Hatchback_Under.uasset" 600
"../../../../../../Users/student/Desktop/20010013/UnrealEngine4_teamB/TeamB/Content/VehicleVarietyPack/Textures/Hatchback/TX_Hatchback_ORM_1.uasset" 601
"../../../../../../Users/student/Desktop/20010013/UnrealEngine4_teamB/TeamB/Content/VehicleVarietyPack/Textures/Hatchback/TX_Hatchback_Normal_1.uasset" 602
"../../../../../../Users/student/Desktop/20010013/UnrealEngine4_teamB/TeamB/Content/VehicleVarietyPack/Textures/Hatchback/TX_Hatchback_Diffuse_1.uasset" 603
"../../../../../../Users/student/Desktop/20010013/UnrealEngine4_teamB/TeamB/Content/VehicleVarietyPack/Materials/Hatchback/M_Hatchback_Interior.uasset" 604
"../../../../../../Users/student/Desktop/20010013/UnrealEngine4_teamB/TeamB/Content/VehicleVarietyPack/Textures/Hatchback/TX_Hatchback_ORM_0.uasset" 605
"../../../../../../Users/student/Desktop/20010013/UnrealEngine4_teamB/TeamB/Content/VehicleVarietyPack/Textures/Hatchback/TX_Hatchback_Normal_0.uasset" 606
"../../../../../../Users/student/Desktop/20010013/UnrealEngine4_teamB/TeamB/Content/VehicleVarietyPack/Textures/Hatchback/TX_Hatchback_EMM_0.uasset" 607
"../../../../../../Users/student/Desktop/20010013/UnrealEngine4_teamB/TeamB/Content/VehicleVarietyPack/Textures/Hatchback/TX_Hatchback_Diffuse_0.uasset" 608
"../../../../../../Users/student/Desktop/20010013/UnrealEngine4_teamB/TeamB/Content/VehicleVarietyPack/Materials/Hatchback/M_Hatchback_Body.uasset" 609
"../../../../../../Users/student/Desktop/20010013/UnrealEngine4_teamB/TeamB/Content/VehicleVarietyPack/Textures/Hatchback/TX_Hatchback_ORM_2.uasset" 610
"../../../../../../Users/student/Desktop/20010013/UnrealEngine4_teamB/TeamB/Content/VehicleVarietyPack/Textures/Hatchback/TX_Hatchback_OPC_2.uasset" 611
"../../../../../../Users/student/Desktop/20010013/UnrealEngine4_teamB/TeamB/Content/VehicleVarietyPack/Textures/Hatchback/TX_Hatchback_Normal_2.uasset" 612
"../../../../../../Users/student/Desktop/20010013/UnrealEngine4_teamB/TeamB/Content/VehicleVarietyPack/Textures/Hatchback/TX_Hatchback_Diffuse_2.uasset" 613
"../../../../../../Users/student/Desktop/20010013/UnrealEngine4_teamB/TeamB/Content/VehicleVarietyPack/Textures/Pickup/TX_Pickup_ORM.uasset" 614
"../../../../../../Users/student/Desktop/20010013/UnrealEngine4_teamB/TeamB/Content/VehicleVarietyPack/Textures/Pickup/TX_Pickup_OPC_2.uasset" 615
"../../../../../../Users/student/Desktop/20010013/UnrealEngine4_teamB/TeamB/Content/VehicleVarietyPack/Textures/Pickup/TX_Pickup_Normal_2.uasset" 616
"../../../../../../Users/student/Desktop/20010013/UnrealEngine4_teamB/TeamB/Content/VehicleVarietyPack/Textures/Pickup/TX_Pickup_Diffuse_2.uasset" 617
"../../../../../../Users/student/Desktop/20010013/UnrealEngine4_teamB/TeamB/Content/VehicleVarietyPack/Materials/Masters/M_Glass.uasset" 618
"../../../../../../Users/student/Desktop/20010013/UnrealEngine4_teamB/TeamB/Content/VehicleVarietyPack/Materials/Hatchback/Mi_Hatchback_Glass.uasset" 619
"../../../../../../Users/student/Desktop/20010013/UnrealEngine4_teamB/TeamB/Content/VehicleVarietyPack/Meshes/SM_Hatchback.uasset" 620
"../../../../../../Users/student/Desktop/20010013/UnrealEngine4_teamB/TeamB/Content/InfinityBladeEffects/Effects/FX_Textures/Smoke/T_smokeSingle_01.uasset" 621
"../../../../../../Users/student/Desktop/20010013/UnrealEngine4_teamB/TeamB/Content/InfinityBladeEffects/Effects/FX_Textures/Tile/T_Black_32.uasset" 622
"../../../../../../Users/student/Desktop/20010013/UnrealEngine4_teamB/TeamB/Content/InfinityBladeEffects/Effects/Masters/M_Trans_Sprite_Master_DepthFade.uasset" 623
"../../../../../../Users/student/Desktop/20010013/UnrealEngine4_teamB/TeamB/Content/InfinityBladeEffects/Effects/FX_Materials/Smoke/M_Smoke_03_Wispy_Trans_INST.uasset" 624
"../../../../../../Users/student/Desktop/20010013/UnrealEngine4_teamB/TeamB/Content/InfinityBladeEffects/Effects/FX_Textures/Gradient/T_GlowNoise_Circular_02.uasset" 625
"../../../Engine/Content/EngineResources/Black.uasset" 626
"../../../../../../Users/student/Desktop/20010013/UnrealEngine4_teamB/TeamB/Content/InfinityBladeEffects/Effects/Masters/M_Add_Sprite_Master.uasset" 627
"../../../../../../Users/student/Desktop/20010013/UnrealEngine4_teamB/TeamB/Content/InfinityBladeEffects/Effects/FX_Materials/Gradient/M_Flare_Noise_01_Inst.uasset" 628
"../../../../../../Users/student/Desktop/20010013/UnrealEngine4_teamB/TeamB/Content/InfinityBladeEffects/Effects/FX_Textures/Gradient/T_starFlare_01.uasset" 629
"../../../../../../Users/student/Desktop/20010013/UnrealEngine4_teamB/TeamB/Content/InfinityBladeEffects/Effects/Masters/M_Add_Sprite_Master_DepthFade.uasset" 630
"../../../../../../Users/student/Desktop/20010013/UnrealEngine4_teamB/TeamB/Content/InfinityBladeEffects/Effects/FX_Materials/Gradient/M_Flare_01_INST.uasset" 631
"../../../../../../Users/student/Desktop/20010013/UnrealEngine4_teamB/TeamB/Content/InfinityBladeEffects/Effects/FX_Textures/Gradient/T_SoftFallOff.uasset" 632
"../../../../../../Users/student/Desktop/20010013/UnrealEngine4_teamB/TeamB/Content/InfinityBladeEffects/Effects/FX_Materials/Gradient/M_Flare_03_INST.uasset" 633
"../../../../../../Users/student/Desktop/20010013/UnrealEngine4_teamB/TeamB/Content/InfinityBladeEffects/Effects/FX_Skill_Leap/P_Skill_Leap_Base_Charge_Weapon.uasset" 634
"../../../../../../Users/student/Desktop/20010013/UnrealEngine4_teamB/TeamB/Content/honda_BP/paper_sound/Book03-2_Flip__2.uasset" 635
"../../../Engine/Content/BasicShapes/Cube.uasset" 636
"../../../Engine/Content/BasicShapes/BasicShapeMaterial.uasset" 637
"../../../../../../Users/student/Desktop/20010013/UnrealEngine4_teamB/TeamB/Content/honda_BP/BP_Paper.uasset" 638
"../../../../../../Users/student/Desktop/20010013/UnrealEngine4_teamB/TeamB/Content/StarterContent/Audio/Explosion01.uasset" 639
"../../../../../../Users/student/Desktop/20010013/UnrealEngine4_teamB/TeamB/Content/honda_BP/C_on_moveFloor_BP.uasset" 640
"../../../../../../Users/student/Desktop/20010013/UnrealEngine4_teamB/TeamB/Content/VehicleVarietyPack/Textures/BoxTruck/TX_Truck_Interior_ORM.uasset" 641
"../../../../../../Users/student/Desktop/20010013/UnrealEngine4_teamB/TeamB/Content/VehicleVarietyPack/Textures/BoxTruck/TX_Truck_Interior_Normal.uasset" 642
"../../../../../../Users/student/Desktop/20010013/UnrealEngine4_teamB/TeamB/Content/VehicleVarietyPack/Textures/BoxTruck/TX_Truck_Interior_Diffuse.uasset" 643
"../../../../../../Users/student/Desktop/20010013/UnrealEngine4_teamB/TeamB/Content/VehicleVarietyPack/Materials/BoxTruck/M_BoxTruck_Interior.uasset" 644
"../../../../../../Users/student/Desktop/20010013/UnrealEngine4_teamB/TeamB/Content/VehicleVarietyPack/Textures/BoxTruck/TX_Truck_Chassis_ORM.uasset" 645
"../../../../../../Users/student/Desktop/20010013/UnrealEngine4_teamB/TeamB/Content/VehicleVarietyPack/Textures/BoxTruck/TX_Truck_Chassis_Normal.uasset" 646
"../../../../../../Users/student/Desktop/20010013/UnrealEngine4_teamB/TeamB/Content/VehicleVarietyPack/Textures/BoxTruck/TX_Truck_Chassis_EMM.uasset" 647
"../../../../../../Users/student/Desktop/20010013/UnrealEngine4_teamB/TeamB/Content/VehicleVarietyPack/Textures/BoxTruck/TX_Truck_Chassis_Diffuse.uasset" 648
"../../../../../../Users/student/Desktop/20010013/UnrealEngine4_teamB/TeamB/Content/VehicleVarietyPack/Materials/BoxTruck/M_BoxTruck_Chassis.uasset" 649
"../../../../../../Users/student/Desktop/20010013/UnrealEngine4_teamB/TeamB/Content/VehicleVarietyPack/Textures/BoxTruck/TX_Truck_Box_ORM.uasset" 650
"../../../../../../Users/student/Desktop/20010013/UnrealEngine4_teamB/TeamB/Content/VehicleVarietyPack/Textures/BoxTruck/TX_Truck_Box_Normal.uasset" 651
"../../../../../../Users/student/Desktop/20010013/UnrealEngine4_teamB/TeamB/Content/VehicleVarietyPack/Textures/BoxTruck/TX_Truck_Box_Diffuse.uasset" 652
"../../../../../../Users/student/Desktop/20010013/UnrealEngine4_teamB/TeamB/Content/VehicleVarietyPack/Materials/BoxTruck/M_BoxTruck_Box.uasset" 653
"../../../../../../Users/student/Desktop/20010013/UnrealEngine4_teamB/TeamB/Content/VehicleVarietyPack/Textures/BoxTruck/TX_Truck_Exterior_ORM.uasset" 654
"../../../../../../Users/student/Desktop/20010013/UnrealEngine4_teamB/TeamB/Content/VehicleVarietyPack/Textures/BoxTruck/TX_Truck_Exterior_Normal.uasset" 655
"../../../../../../Users/student/Desktop/20010013/UnrealEngine4_teamB/TeamB/Content/VehicleVarietyPack/Textures/BoxTruck/TX_Truck_Exterior_EMM.uasset" 656
"../../../../../../Users/student/Desktop/20010013/UnrealEngine4_teamB/TeamB/Content/VehicleVarietyPack/Textures/BoxTruck/TX_Truck_Exterior_Diffuse.uasset" 657
"../../../../../../Users/student/Desktop/20010013/UnrealEngine4_teamB/TeamB/Content/VehicleVarietyPack/Materials/BoxTruck/M_BoxTruck_Body.uasset" 658
"../../../../../../Users/student/Desktop/20010013/UnrealEngine4_teamB/TeamB/Content/VehicleVarietyPack/Textures/BoxTruck/TX_Truck_Glass_ORM.uasset" 659
"../../../../../../Users/student/Desktop/20010013/UnrealEngine4_teamB/TeamB/Content/VehicleVarietyPack/Textures/BoxTruck/TX_Truck_Glass_OPC.uasset" 660
"../../../../../../Users/student/Desktop/20010013/UnrealEngine4_teamB/TeamB/Content/VehicleVarietyPack/Textures/BoxTruck/TX_Truck_Glass_Normal.uasset" 661
"../../../../../../Users/student/Desktop/20010013/UnrealEngine4_teamB/TeamB/Content/VehicleVarietyPack/Textures/BoxTruck/TX_Truck_Glass_Diffuse.uasset" 662
"../../../../../../Users/student/Desktop/20010013/UnrealEngine4_teamB/TeamB/Content/VehicleVarietyPack/Materials/BoxTruck/Mi_BoxTruck_Glass.uasset" 663
"../../../../../../Users/student/Desktop/20010013/UnrealEngine4_teamB/TeamB/Content/VehicleVarietyPack/Meshes/SM_Truck_Box.uasset" 664
"../../../../../../Users/student/Desktop/20010013/UnrealEngine4_teamB/TeamB/Content/honda_BP/CAR_BP2.uasset" 665
"../../../../../../Users/student/Desktop/20010013/UnrealEngine4_teamB/TeamB/Content/VehicleVarietyPack/Textures/SUV/TX_SUV_Undercar_ORM.uasset" 666
"../../../../../../Users/student/Desktop/20010013/UnrealEngine4_teamB/TeamB/Content/VehicleVarietyPack/Textures/SUV/TX_SUV_Undercar_Normal.uasset" 667
"../../../../../../Users/student/Desktop/20010013/UnrealEngine4_teamB/TeamB/Content/VehicleVarietyPack/Textures/SUV/TX_SUV_Undercar_Diffuse.uasset" 668
"../../../../../../Users/student/Desktop/20010013/UnrealEngine4_teamB/TeamB/Content/VehicleVarietyPack/Materials/SUV/M_SUV_Under.uasset" 669
"../../../../../../Users/student/Desktop/20010013/UnrealEngine4_teamB/TeamB/Content/VehicleVarietyPack/Textures/SUV/TX_SUV_Details_ORM.uasset" 670
"../../../../../../Users/student/Desktop/20010013/UnrealEngine4_teamB/TeamB/Content/VehicleVarietyPack/Textures/SUV/TX_SUV_Details_Normal.uasset" 671
"../../../../../../Users/student/Desktop/20010013/UnrealEngine4_teamB/TeamB/Content/VehicleVarietyPack/Textures/SUV/TX_SUV_Details_Diffuse.uasset" 672
"../../../../../../Users/student/Desktop/20010013/UnrealEngine4_teamB/TeamB/Content/VehicleVarietyPack/Materials/SUV/M_SUV_Interior.uasset" 673
"../../../../../../Users/student/Desktop/20010013/UnrealEngine4_teamB/TeamB/Content/VehicleVarietyPack/Textures/SUV/TX_SUV_Main_ORM.uasset" 674
"../../../../../../Users/student/Desktop/20010013/UnrealEngine4_teamB/TeamB/Content/VehicleVarietyPack/Textures/SUV/TX_SUV_Main_Normal.uasset" 675
"../../../../../../Users/student/Desktop/20010013/UnrealEngine4_teamB/TeamB/Content/VehicleVarietyPack/Textures/SUV/TX_SUV_Main_Emissive.uasset" 676
"../../../../../../Users/student/Desktop/20010013/UnrealEngine4_teamB/TeamB/Content/VehicleVarietyPack/Textures/SUV/TX_SUV_Main_Diffuse.uasset" 677
"../../../../../../Users/student/Desktop/20010013/UnrealEngine4_teamB/TeamB/Content/VehicleVarietyPack/Materials/SUV/M_SUV_Body.uasset" 678
"../../../../../../Users/student/Desktop/20010013/UnrealEngine4_teamB/TeamB/Content/VehicleVarietyPack/Textures/SUV/TX_SUV_Glass_ORM.uasset" 679
"../../../../../../Users/student/Desktop/20010013/UnrealEngine4_teamB/TeamB/Content/VehicleVarietyPack/Textures/SUV/TX_SUV_Glass_Normal.uasset" 680
"../../../../../../Users/student/Desktop/20010013/UnrealEngine4_teamB/TeamB/Content/VehicleVarietyPack/Textures/SUV/TX_SUV_Glass_BaseColor.uasset" 681
"../../../../../../Users/student/Desktop/20010013/UnrealEngine4_teamB/TeamB/Content/VehicleVarietyPack/Materials/SUV/Mi_SUV_Glass.uasset" 682
"../../../../../../Users/student/Desktop/20010013/UnrealEngine4_teamB/TeamB/Content/VehicleVarietyPack/Meshes/SM_SUV.uasset" 683
"../../../../../../Users/student/Desktop/20010013/UnrealEngine4_teamB/TeamB/Content/honda_BP/CAR_BP1.uasset" 684
"../../../../../../Users/student/Desktop/20010013/UnrealEngine4_teamB/TeamB/Content/VehicleVarietyPack/Textures/SportsCar/TX_SportsCar_Underside_ORM.uasset" 685
"../../../../../../Users/student/Desktop/20010013/UnrealEngine4_teamB/TeamB/Content/VehicleVarietyPack/Textures/SportsCar/TX_SportsCar_Underside_Normal.uasset" 686
"../../../../../../Users/student/Desktop/20010013/UnrealEngine4_teamB/TeamB/Content/VehicleVarietyPack/Textures/SportsCar/TX_SportsCar_Underside_Diffuse.uasset" 687
"../../../../../../Users/student/Desktop/20010013/UnrealEngine4_teamB/TeamB/Content/VehicleVarietyPack/Materials/SportsCar/M_SportsCar_Under.uasset" 688
"../../../../../../Users/student/Desktop/20010013/UnrealEngine4_teamB/TeamB/Content/VehicleVarietyPack/Textures/SportsCar/TX_SportsCar_Interior_ORM.uasset" 689
"../../../../../../Users/student/Desktop/20010013/UnrealEngine4_teamB/TeamB/Content/VehicleVarietyPack/Textures/SportsCar/TX_SportsCar_Interior_Normal.uasset" 690
"../../../../../../Users/student/Desktop/20010013/UnrealEngine4_teamB/TeamB/Content/VehicleVarietyPack/Textures/SportsCar/TX_SportsCar_Interior_Diffuse.uasset" 691
"../../../../../../Users/student/Desktop/20010013/UnrealEngine4_teamB/TeamB/Content/VehicleVarietyPack/Materials/SportsCar/M_SportsCar_Interior.uasset" 692
"../../../../../../Users/student/Desktop/20010013/UnrealEngine4_teamB/TeamB/Content/VehicleVarietyPack/Textures/SportsCar/TX_SportsCar_Exterior_ORM.uasset" 693
"../../../../../../Users/student/Desktop/20010013/UnrealEngine4_teamB/TeamB/Content/VehicleVarietyPack/Textures/SportsCar/TX_SportsCar_Exterior_Normal.uasset" 694
"../../../../../../Users/student/Desktop/20010013/UnrealEngine4_teamB/TeamB/Content/VehicleVarietyPack/Textures/SportsCar/TX_Sportscar_Exterior_Emissive.uasset" 695
"../../../../../../Users/student/Desktop/20010013/UnrealEngine4_teamB/TeamB/Content/VehicleVarietyPack/Textures/SportsCar/TX_SportsCar_Exterior_Diffuse.uasset" 696
"../../../../../../Users/student/Desktop/20010013/UnrealEngine4_teamB/TeamB/Content/VehicleVarietyPack/Materials/SportsCar/M_SportsCar_Body.uasset" 697
"../../../../../../Users/student/Desktop/20010013/UnrealEngine4_teamB/TeamB/Content/VehicleVarietyPack/Textures/SportsCar/TX_SportsCar_Glass_ORM.uasset" 698
"../../../../../../Users/student/Desktop/20010013/UnrealEngine4_teamB/TeamB/Content/VehicleVarietyPack/Textures/SportsCar/TX_SportsCar_Glass_Normal.uasset" 699
"../../../../../../Users/student/Desktop/20010013/UnrealEngine4_teamB/TeamB/Content/VehicleVarietyPack/Textures/SportsCar/TX_SportsCar_Glass_Diffuse.uasset" 700
"../../../../../../Users/student/Desktop/20010013/UnrealEngine4_teamB/TeamB/Content/VehicleVarietyPack/Materials/SportsCar/Mi_Glass_SportsCar.uasset" 701
"../../../../../../Users/student/Desktop/20010013/UnrealEngine4_teamB/TeamB/Content/VehicleVarietyPack/Meshes/SM_SportsCar.uasset" 702
"../../../../../../Users/student/Desktop/20010013/UnrealEngine4_teamB/TeamB/Content/honda_BP/CAR_BP.uasset" 703
"../../../Engine/Content/EngineSky/T_Sky_Stars.uasset" 704
"../../../Engine/Content/EngineSky/T_Sky_Clouds_M.uasset" 705
"../../../Engine/Content/EngineSky/T_Sky_Blue.uasset" 706
"../../../Engine/Content/EngineSky/M_Sky_Panning_Clouds2.uasset" 707
"../../../Engine/Content/EngineSky/SM_SkySphere.uasset" 708
"../../../Engine/Content/EngineSky/C_Sky_Zenith_Color.uasset" 709
"../../../Engine/Content/EngineSky/C_Sky_Horizon_Color.uasset" 710
"../../../Engine/Content/EngineSky/C_Sky_Cloud_Color.uasset" 711
"../../../Engine/Content/EngineSky/BP_Sky_Sphere.uasset" 712
"../../../../../../Users/student/Desktop/20010013/UnrealEngine4_teamB/TeamB/Content/ThirdPersonBP/Maps/GameMap01.umap" 713
